<?xml version="1.0" encoding="UTF-8"?>
<!-- Generated by org.testng.reporters.JUnitXMLReporter -->
<testsuite hostname="uftuser-PC" name="Test-R1" tests="2" failures="0" timestamp="11 Apr 2018 04:14:27 GMT" time="14.672" errors="0">
  <testcase name="createCusomerWithDesp" time="5.029" classname="com.acttime.projectcustTest.CustomerProjectTest"/>
  <testcase name="createCustomerTest" time="1.584" classname="com.acttime.projectcustTest.CustomerProjectTest"/>
</testsuite> <!-- Test-R1 -->
