<?xml version="1.0" encoding="UTF-8"?>
<!-- Generated by org.testng.reporters.JUnitXMLReporter -->
<testsuite hostname="uftuser-PC" name="Test-R3" tests="2" failures="0" timestamp="11 Apr 2018 04:14:58 GMT" time="15.534" errors="0">
  <testcase name="createCusomerWithDesp" time="1.905" classname="com.acttime.projectcustTest.CustomerProjectTest"/>
  <testcase name="createCustomerTest" time="1.503" classname="com.acttime.projectcustTest.CustomerProjectTest"/>
</testsuite> <!-- Test-R3 -->
