<?xml version="1.0" encoding="UTF-8"?>
<!-- Generated by org.testng.reporters.JUnitXMLReporter -->
<testsuite hostname="uftuser-PC" name="Test-R2" tests="2" failures="0" timestamp="11 Apr 2018 04:14:42 GMT" time="15.203" errors="0">
  <testcase name="createCusomerWithDesp" time="2.096" classname="com.acttime.projectcustTest.CustomerProjectTest"/>
  <testcase name="createCustomerTest" time="1.53" classname="com.acttime.projectcustTest.CustomerProjectTest"/>
</testsuite> <!-- Test-R2 -->
