<?xml version="1.0" encoding="UTF-8"?>
<!-- Generated by org.testng.reporters.JUnitReportReporter -->
<testsuite hostname="uftuser-PC" name="javaTest.RegTest" tests="1" failures="0" timestamp="4 Apr 2018 03:33:26 GMT" time="0.010" errors="0">
  <testcase name="f" time="0.010" classname="javaTest.RegTest"/>
</testsuite> <!-- javaTest.RegTest -->
