<?xml version="1.0" encoding="UTF-8"?>
<!-- Generated by org.testng.reporters.JUnitReportReporter -->
<testsuite hostname="uftuser-PC" name="javaTest.CreateUserTest" tests="1" failures="0" timestamp="4 Apr 2018 03:10:36 GMT" time="0.005" errors="0">
  <testcase name="createTest" time="0.005" classname="javaTest.CreateUserTest"/>
</testsuite> <!-- javaTest.CreateUserTest -->
