<?xml version="1.0" encoding="UTF-8"?>
<!-- Generated by org.testng.reporters.JUnitReportReporter -->
<testsuite hostname="uftuser-PC" name="pac1.E2ETest" tests="1" failures="0" timestamp="4 Apr 2018 03:33:26 GMT" time="0.001" errors="0">
  <testcase name="f" time="0.001" classname="pac1.E2ETest"/>
</testsuite> <!-- pac1.E2ETest -->
