<?xml version="1.0" encoding="UTF-8"?>
<!-- Generated by org.testng.reporters.JUnitReportReporter -->
<testsuite hostname="uftuser-PC" name="com.acttime.usertest.USerTest" tests="3" failures="0" timestamp="6 Apr 2018 02:53:12 GMT" time="10.874" errors="0">
  <testcase name="createUSerTest" time="7.021" classname="com.acttime.usertest.USerTest"/>
  <testcase name="deleteUSerTest" time="2.131" classname="com.acttime.usertest.USerTest"/>
  <testcase name="modifyUSerTest" time="1.722" classname="com.acttime.usertest.USerTest"/>
</testsuite> <!-- com.acttime.usertest.USerTest -->
