<?xml version="1.0" encoding="UTF-8"?>
<!-- Generated by org.testng.reporters.JUnitReportReporter -->
<testsuite hostname="uftuser-PC" name="com.acttime.projectcustTest.CustomerProjectTest" tests="2" failures="0" timestamp="12 Apr 2018 04:06:28 GMT" time="45.533" errors="0">
  <testcase name="createCustomerTest" time="14.561" classname="com.acttime.projectcustTest.CustomerProjectTest"/>
  <testcase name="createCusomerWithDesp" time="30.972" classname="com.acttime.projectcustTest.CustomerProjectTest"/>
</testsuite> <!-- com.acttime.projectcustTest.CustomerProjectTest -->
