<?xml version="1.0" encoding="UTF-8"?>
<!-- Generated by org.testng.reporters.JUnitReportReporter -->
<testsuite hostname="uftuser-PC" name="com.acttime.loginTest.LoginTest" tests="3" failures="0" timestamp="12 Apr 2018 04:06:28 GMT" time="17.187" errors="0">
  <testcase name="verifyErrorMsgWithOutDataTest" time="15.124" classname="com.acttime.loginTest.LoginTest"/>
  <testcase name="verifyInvalidPasswordTest" time="0.646" classname="com.acttime.loginTest.LoginTest"/>
  <testcase name="verifyInvalidUSernameTest" time="1.417" classname="com.acttime.loginTest.LoginTest"/>
</testsuite> <!-- com.acttime.loginTest.LoginTest -->
